# project  configured on Tue Feb 25 19:13:02 2020 by
# waf 1.7.11 (abi 98, python 20711f0 on linux2)
# using /home/sued/.pebble-sdk/SDKs/current/sdk-core/pebble/waf configure
#
----------------------------------------
Setting top to
/home/sued/fastProjects/watchfaces/watch-sued
----------------------------------------
Setting out to
/home/sued/fastProjects/watchfaces/watch-sued/build
----------------------------------------
Checking for program webpack
/home/sued/.pebble-sdk/SDKs/current/node_modules/.bin/webpack
find program=['webpack'] paths=['/home/sued/.pebble-sdk/SDKs/current/node_modules/.bin'] var='WEBPACK' -> '/home/sued/.pebble-sdk/SDKs/current/node_modules/.bin/webpack'
----------------------------------------
Checking for program node,nodejs
/usr/bin/node
find program=['node', 'nodejs'] paths=['/home/sued/fastProjects/pebble-dev/pebble-sdk-4.5-linux64/arm-cs-tools/bin', '/home/sued/fastProjects/pebble-dev/pebble-sdk-4.5-linux64/bin', '/home/sued/fastProjects/pebble-dev/pebble-sdk-4.5-linux64/bin', '/home/sued/fastProjects/pebble-dev/pebble-sdk-4.5-linux64/bin', '/home/sued/.local/bin', '/usr/local/sbin', '/usr/local/bin', '/usr/sbin', '/usr/bin', '/sbin', '/bin', '/usr/games', '/usr/local/games', '/snap/bin'] var='NODE' -> '/usr/bin/node'
----------------------------------------
Found Pebble SDK for emery in:
/home/sued/.pebble-sdk/SDKs/current/sdk-core/pebble/emery
----------------------------------------
Checking for program gcc,cc
arm-none-eabi-gcc
find program=['gcc', 'cc'] paths='' var='CC' -> 'arm-none-eabi-gcc'
----------------------------------------
Checking for program ar
arm-none-eabi-ar
find program=['ar'] paths='' var='AR' -> 'arm-none-eabi-ar'
----------------------------------------
Found Pebble SDK for diorite in:
/home/sued/.pebble-sdk/SDKs/current/sdk-core/pebble/diorite
----------------------------------------
Checking for program gcc,cc
arm-none-eabi-gcc
find program=['gcc', 'cc'] paths='' var='CC' -> 'arm-none-eabi-gcc'
----------------------------------------
Checking for program ar
arm-none-eabi-ar
find program=['ar'] paths='' var='AR' -> 'arm-none-eabi-ar'
----------------------------------------
Found Pebble SDK for chalk in:
/home/sued/.pebble-sdk/SDKs/current/sdk-core/pebble/chalk
----------------------------------------
Checking for program gcc,cc
arm-none-eabi-gcc
find program=['gcc', 'cc'] paths='' var='CC' -> 'arm-none-eabi-gcc'
----------------------------------------
Checking for program ar
arm-none-eabi-ar
find program=['ar'] paths='' var='AR' -> 'arm-none-eabi-ar'
----------------------------------------
Found Pebble SDK for basalt in:
/home/sued/.pebble-sdk/SDKs/current/sdk-core/pebble/basalt
----------------------------------------
Checking for program gcc,cc
arm-none-eabi-gcc
find program=['gcc', 'cc'] paths='' var='CC' -> 'arm-none-eabi-gcc'
----------------------------------------
Checking for program ar
arm-none-eabi-ar
find program=['ar'] paths='' var='AR' -> 'arm-none-eabi-ar'
